Copyright 1986-2018 Xilinx, Inc. All Rights Reserved.
-------------------------------------------------------------------------------------------------------------------------------------------------------------------------------------------------------------------------------------------------------------------------------------------------------------------------------------------------------------------------
| Tool Version : Vivado v.2018.2 (lin64) Build 2258646 Thu Jun 14 20:02:38 MDT 2018
| Date         : Sun Nov  4 01:44:26 2018
| Host         : xsjrdevl152 running 64-bit CentOS Linux release 7.5.1804 (Core)
| Command      : report_sdx_utilization -kernels { Filter2DKernel_Filter2DKernel:WRAPPER_INST/CL/Filter2DKernel_1/inst:Filter2DKernel_1 Filter2DKernel_Filter2DKernel:WRAPPER_INST/CL/Filter2DKernel_2/inst:Filter2DKernel_2 Filter2DKernel_Filter2DKernel:WRAPPER_INST/CL/Filter2DKernel_3/inst:Filter2DKernel_3} -file kernel_util_routed.rpt -name kernel_util_routed
| Design       : top_sp
| Device       : xcvu9p
| Design State : Routed
-------------------------------------------------------------------------------------------------------------------------------------------------------------------------------------------------------------------------------------------------------------------------------------------------------------------------------------------------------------------------

SDx Utilization Design Information

Table of Contents
-----------------
1. SDx System Utilization

1. SDx System Utilization
-------------------------

+-------------------------------+-------------------+------------------+-------------------+----------------+---------------+----------------+
| Name                          | LUT               | LUTMem           | REG               | BRAM           | URAM          | DSP            |
+-------------------------------+-------------------+------------------+-------------------+----------------+---------------+----------------+
| Platform                      |  173555 [ 14.69%] |  19772 [  3.34%] |  248187 [ 10.50%] |  214 [  9.91%] |  43 [  4.48%] |    3 [  0.04%] |
| User Budget                   | 1008213 [100.00%] | 572068 [100.00%] | 2115349 [100.00%] | 1946 [100.00%] | 917 [100.00%] | 6837 [100.00%] |
|    Used Resources             |   43193 [  4.28%] |  15213 [  2.66%] |   44012 [  2.08%] |  441 [ 22.66%] |   0 [  0.00%] |  690 [ 10.09%] |
|    Unused Resources           |  965020 [ 95.72%] | 556855 [ 97.34%] | 2071337 [ 97.92%] | 1505 [ 77.34%] | 917 [100.00%] | 6147 [ 89.91%] |
| Filter2DKernel_Filter2DKernel |   43193 [  4.28%] |  15213 [  2.66%] |   44012 [  2.08%] |  441 [ 22.66%] |   0 [  0.00%] |  690 [ 10.09%] |
|    Filter2DKernel_1           |   14401 [  1.43%] |   5071 [  0.89%] |   14668 [  0.69%] |  147 [  7.55%] |   0 [  0.00%] |  230 [  3.36%] |
|    Filter2DKernel_2           |   14400 [  1.43%] |   5071 [  0.89%] |   14672 [  0.69%] |  147 [  7.55%] |   0 [  0.00%] |  230 [  3.36%] |
|    Filter2DKernel_3           |   14392 [  1.43%] |   5071 [  0.89%] |   14672 [  0.69%] |  147 [  7.55%] |   0 [  0.00%] |  230 [  3.36%] |
+-------------------------------+-------------------+------------------+-------------------+----------------+---------------+----------------+


