# 
# Steps log generated by SDx
# This log file contains a collection of steps that describe the kernel compilation flow
# Note: Some steps are tagged as internal, these steps are for debugging purposes and 
#       are not expected to be able to run independently.
# 

# The following environment variables are set when running xocc
Environment variables :
------------------------------------------
REMOTEHOST=xsjvnc109.xilinx.com
MANPATH=.:/usr/local/man:/usr/man
_RDI_DONT_SET_XILINX_AS_PATH=True
XDG_SESSION_ID=21758
HOSTNAME=xsjrdevl152
XiWINMGR=olwm
XILINX_DSP=
SHELL=/bin/csh
TERM=xterm
HOST=xsjrdevl152
MAKEFLAGS=w -- NKERNEL=3 TARGET=hw
SSH_CLIENT=172.19.223.109 56999 22
MYVIVADO=
X11HOME=/tools/x11r5/sun3
RDI_TPS_ROOT=/proj/xbuilds/2018.2_0614_1954/installs/lin64/Vivado/2018.2/tps/lnx64
QTDIR=/usr/lib64/qt-3.3
HDI_PROCESSOR=x86_64
QTINC=/usr/lib64/qt-3.3/include
SYNTH_COMMON=/proj/xbuilds/2018.2_0614_1954/installs/lin64/SDx/2018.2/scripts/rt/data
SSH_TTY=/dev/pts/11
RT_TCL_PATH=/proj/xbuilds/2018.2_0614_1954/installs/lin64/SDx/2018.2/scripts/rt/base_tcl/tcl
RDI_PREPEND_PATH=/proj/xbuilds/2018.2_0614_1954/installs/lin64/SDK/2018.2/bin
QT_GRAPHICSSYSTEM_CHECKED=1
RDI_OPT_EXT=.o
MAKEOVERRIDES=${-*-command-variables-*-}
USER=tbollaer
GROUP=boulder
http_proxy=http://proxy:80
LS_COLORS=rs=0:di=01;34:ln=01;36:mh=00:pi=40;33:so=01;35:do=01;35:bd=40;33;01:cd=40;33;01:or=40;31;01:mi=01;05;37;41:su=37;41:sg=30;43:ca=30;41:tw=30;42:ow=34;42:st=37;44:ex=01;32:*.tar=01;31:*.tgz=01;31:*.arc=01;31:*.arj=01;31:*.taz=01;31:*.lha=01;31:*.lz4=01;31:*.lzh=01;31:*.lzma=01;31:*.tlz=01;31:*.txz=01;31:*.tzo=01;31:*.t7z=01;31:*.zip=01;31:*.z=01;31:*.Z=01;31:*.dz=01;31:*.gz=01;31:*.lrz=01;31:*.lz=01;31:*.lzo=01;31:*.xz=01;31:*.bz2=01;31:*.bz=01;31:*.tbz=01;31:*.tbz2=01;31:*.tz=01;31:*.deb=01;31:*.rpm=01;31:*.jar=01;31:*.war=01;31:*.ear=01;31:*.sar=01;31:*.rar=01;31:*.alz=01;31:*.ace=01;31:*.zoo=01;31:*.cpio=01;31:*.7z=01;31:*.rz=01;31:*.cab=01;31:*.jpg=01;35:*.jpeg=01;35:*.gif=01;35:*.bmp=01;35:*.pbm=01;35:*.pgm=01;35:*.ppm=01;35:*.tga=01;35:*.xbm=01;35:*.xpm=01;35:*.tif=01;35:*.tiff=01;35:*.png=01;35:*.svg=01;35:*.svgz=01;35:*.mng=01;35:*.pcx=01;35:*.mov=01;35:*.mpg=01;35:*.mpeg=01;35:*.m2v=01;35:*.mkv=01;35:*.webm=01;35:*.ogm=01;35:*.mp4=01;35:*.m4v=01;35:*.mp4v=01;35:*.vob=01;35:*.qt=01;35:*.nuv=01;35:*.wmv=01;35:*.asf=01;35:*.rm=01;35:*.rmvb=01;35:*.flc=01;35:*.avi=01;35:*.fli=01;35:*.flv=01;35:*.gl=01;35:*.dl=01;35:*.xcf=01;35:*.xwd=01;35:*.yuv=01;35:*.cgm=01;35:*.emf=01;35:*.axv=01;35:*.anx=01;35:*.ogv=01;35:*.ogx=01;35:*.aac=01;36:*.au=01;36:*.flac=01;36:*.mid=01;36:*.midi=01;36:*.mka=01;36:*.mp3=01;36:*.mpc=01;36:*.ogg=01;36:*.ra=01;36:*.wav=01;36:*.axa=01;36:*.oga=01;36:*.spx=01;36:*.xspf=01;36:
LD_LIBRARY_PATH=/proj/xbuilds/2018.2_0614_1954/installs/lin64/SDx/2018.2/lib/lnx64.o/Default:/proj/xbuilds/2018.2_0614_1954/installs/lin64/SDx/2018.2/lib/lnx64.o:/proj/xbuilds/2018.2_0614_1954/installs/lin64/SDx/2018.2/tps/lnx64/jre/lib/amd64:/proj/xbuilds/2018.2_0614_1954/installs/lin64/SDx/2018.2/tps/lnx64/jre/lib/amd64/server:/proj/xbuilds/2018.2_0614_1954/installs/lin64/SDx/2018.2/lib/lnx64.o/Default:/proj/xbuilds/2018.2_0614_1954/installs/lin64/SDx/2018.2/lib/lnx64.o:/proj/xbuilds/2018.2_0614_1954/installs/lin64/SDx/2018.2/lib/lnx64.o/Default:/proj/xbuilds/2018.2_0614_1954/installs/lin64/SDx/2018.2/lib/lnx64.o:/proj/xbuilds/2018.2_0614_1954/installs/lin64/SDx/2018.2/runtime/lib/x86_64:/proj/xbuilds/2018.2_0925_1753/installs/lin64/SDx/2018.2/lib/lnx64.o/Default:/proj/xbuilds/2018.2_0925_1753/installs/lin64/SDx/2018.2/lib/lnx64.o:/proj/xbuilds/2018.2_0925_1753/installs/lin64/SDx/2018.2/runtime/lib/x86_64:/proj/xbuilds/2018.2_0925_1753/installs/lin64/SDx/2018.2/lib/lnx64.o/Default:/proj/xbuilds/2018.2_0925_1753/installs/lin64/SDx/2018.2/lib/lnx64.o:/proj/xbuilds/2018.2_0925_1753/installs/lin64/SDx/2018.2/runtime/lib/x86_64:/proj/xbuilds/2018.3_1101_0804/xbb/xrt/packages/xrt-2.1.0-centos/opt/xilinx/xrt/lib:/proj/xbuilds/2018.3_1101_0804/installs/lin64/SDx/2018.3/lib/lnx64.o/Default:/proj/xbuilds/2018.3_1101_0804/installs/lin64/SDx/2018.3/lib/lnx64.o:/proj/xbuilds/2018.3_1101_0804/installs/lin64/SDx/2018.3/runtime/lib/x86_64:/proj/xbuilds/2018.2_0614_1954/installs/lin64/SDx/2018.2/lib/lnx64.o/Default:/proj/xbuilds/2018.2_0614_1954/installs/lin64/SDx/2018.2/lib/lnx64.o:/proj/xbuilds/2018.2_0614_1954/installs/lin64/SDx/2018.2/runtime/lib/x86_64:/usr/local/lib:/usr/lib:/proj/xbuilds/2018.2_0614_1954/installs/lin64/SDx/2018.2/bin/../lnx64/tools/dot/lib
XCL_EMULATION_MODE=hw_emu
OPENWINHOME=/usr/openwin
RDI_PATCHROOT=
TCL_LIBRARY=/proj/xbuilds/2018.2_0614_1954/installs/lin64/SDx/2018.2/tps/tcl/tcl8.5
HOSTTYPE=x86_64-linux
RDI_PLATFORM=lnx64
ftp_proxy=ftp://proxy:80
XILINXD_LICENSE_FILE=1717@xmask6
AWS_PLATFORM=/home/tbollaer/AWS/v141/aws-fpga/SDAccel/aws_platform/xilinx_aws-vu9p-f1-04261818_dynamic_5_0/xilinx_aws-vu9p-f1-04261818_dynamic_5_0.xpfm
MAKELEVEL=2
RDI_BUILD=yes
MFLAGS=-w
RT_LIBPATH=/proj/xbuilds/2018.2_0614_1954/installs/lin64/SDx/2018.2/scripts/rt/data
RDI_LIBDIR=/proj/xbuilds/2018.2_0614_1954/installs/lin64/SDx/2018.2/lib/lnx64.o/Default:/proj/xbuilds/2018.2_0614_1954/installs/lin64/SDx/2018.2/lib/lnx64.o
PATH=/proj/xbuilds/2018.2_0614_1954/installs/lin64/SDx/2018.2/bin/../gnu/binutils/bin:/proj/xbuilds/2018.2_0614_1954/installs/lin64/SDK/2018.2/gnu/aarch64/lin/aarch64-linux/bin:/proj/xbuilds/2018.2_0614_1954/installs/lin64/SDx/2018.2/bin/../gnu/ppc64le/4.9.3/lnx64/bin:/proj/xbuilds/2018.2_0614_1954/installs/lin64/SDK/2018.2/gnu/aarch32/lin/gcc-arm-linux-gnueabi/bin:/proj/xbuilds/2018.2_released/installs/lin64/Vivado/2018.2/lnx64/tools/gcc/bin:/proj/xbuilds/2018.2_0614_1954/installs/lin64/SDx/2018.2/bin:/proj/xbuilds/2018.2_0614_1954/installs/lin64/SDx/2018.2/tps/lnx64/jre/bin:/proj/xbuilds/2018.2_0614_1954/installs/lin64/SDK/2018.2/bin:/proj/xbuilds/2018.2_released/installs/lin64/SDK/2018.2/bin:/proj/xbuilds/2018.2_released/installs/lin64/Vivado/2018.2/bin:/proj/xbuilds/2018.2_0614_1954/installs/lin64/Vivado/2018.2/bin:/proj/xbuilds/2018.2_0614_1954/installs/lin64/Model_Composer/2018.2/bin:/proj/xbuilds/2018.2_0614_1954/installs/lin64/SDK/2018.2/gnu/microblaze/lin/bin:/proj/xbuilds/2018.2_0614_1954/installs/lin64/SDK/2018.2/gnu/arm/lin/bin:/proj/xbuilds/2018.2_0614_1954/installs/lin64/SDK/2018.2/gnu/microblaze/linux_toolchain/lin64_le/bin:/proj/xbuilds/2018.2_0614_1954/installs/lin64/SDK/2018.2/gnu/aarch32/lin/gcc-arm-linux-gnueabi/bin:/proj/xbuilds/2018.2_0614_1954/installs/lin64/SDK/2018.2/gnu/aarch32/lin/gcc-arm-none-eabi/bin:/proj/xbuilds/2018.2_0614_1954/installs/lin64/SDK/2018.2/gnu/aarch64/lin/aarch64-linux/bin:/proj/xbuilds/2018.2_0614_1954/installs/lin64/SDK/2018.2/gnu/aarch64/lin/aarch64-none/bin:/proj/xbuilds/2018.2_0614_1954/installs/lin64/SDK/2018.2/gnu/armr5/lin/gcc-arm-none-eabi/bin:/proj/xbuilds/2018.2_0614_1954/installs/lin64/SDK/2018.2/tps/lnx64/cmake-3.3.2/bin:/proj/xbuilds/2018.2_0614_1954/installs/lin64/DocNav:/home/tbollaer/AWS:/proj/xbuilds/2018.2_released/installs/lin64/SDx/2018.2/bin:/home/tbollaer/bin:/usr/local/bin:/mis/TREE/bin:/usr/bin:/bin:/usr/ucb:/opt/puppetlabs/bin
MAIL=/home/tbollaer/mail/inbox
NKERNEL=3
PWD=/home/tbollaer/Work/aws-tests/filter2d/v5
XILINX_XRT=
XIL_CHECK_TCL_DEBUG=False
SDACCEL_DIR=/home/tbollaer/AWS/v141/aws-fpga/SDAccel
XILINX_VIVADO_HLS=/proj/xbuilds/2018.2_released/installs/lin64/Vivado/2018.2
LANG=en_US.UTF-8
HDI_APPROOT=/proj/xbuilds/2018.2_0614_1954/installs/lin64/SDx/2018.2
KDEDIRS=/usr
XiSUE=true
XILINX_VIVADO=/proj/xbuilds/2018.2_0614_1954/installs/lin64/Vivado/2018.2
https_proxy=https://proxy:80
XiSET=true
XILINX_SDK=/proj/xbuilds/2018.2_0614_1954/installs/lin64/SDK/2018.2
XiSUEHOME=/tools/sue
XILINX_OPENCL=/proj/xbuilds/2018.2_0614_1954/installs/lin64/SDx/2018.2
ISL_IOSTREAMS_RSA=/proj/xbuilds/2018.2_0614_1954/installs/lin64/SDx/2018.2/tps/isl
HOME=/home/tbollaer
SHLVL=3
RDI_BASEROOT=/proj/xbuilds/2018.2_0614_1954/installs/lin64/SDx
OSTYPE=linux
RDI_APPROOT=/proj/xbuilds/2018.2_0614_1954/installs/lin64/SDx/2018.2
VENDOR=unknown
TARGET=hw
MACHTYPE=x86_64
LOGNAME=tbollaer
RDI_JAVA_PLATFORM=amd64
QTLIB=/usr/lib64/qt-3.3/lib
SSH_CONNECTION=172.19.223.109 56999 172.19.220.200 22
PLATFORM_REPO_PATHS=/proj/xbuilds/2018.2_released/internal_platforms
RDI_BINROOT=/proj/xbuilds/2018.2_0614_1954/installs/lin64/SDx/2018.2/bin
LESSOPEN=||/usr/bin/lesspipe.sh %s
XILINX_SDX=/proj/xbuilds/2018.2_0614_1954/installs/lin64/SDx/2018.2
XiGROUPS=boulder
RDI_PROG=/proj/xbuilds/2018.2_0614_1954/installs/lin64/SDx/2018.2/bin/unwrapped/lnx64.o/xocc
XDG_RUNTIME_DIR=/run/user/18233
DISPLAY=localhost:15.0
XIL_NO_OVERRIDE=0
XIL_SUPPRESS_OVERRIDE_WARNINGS=1
XILINX_PLANAHEAD=/proj/xbuilds/2018.2_0614_1954/installs/lin64/SDx/2018.2
QT_PLUGIN_PATH=/usr/lib64/kde4/plugins:/usr/lib/kde4/plugins
AWS_FPGA_REPO_DIR=/home/tbollaer/AWS/v141/aws-fpga
XiOSREL=Linux3.10.0-862.el7.x86_64
HDIPRELDPATH=/proj/xbuilds/2018.2_0614_1954/installs/lin64/SDx/2018.2/lib/lnx64.o/Default:/proj/xbuilds/2018.2_0614_1954/installs/lin64/SDx/2018.2/lib/lnx64.o:/proj/xbuilds/2018.2_0614_1954/installs/lin64/SDx/2018.2/lib/lnx64.o/Default:/proj/xbuilds/2018.2_0614_1954/installs/lin64/SDx/2018.2/lib/lnx64.o:/proj/xbuilds/2018.2_0614_1954/installs/lin64/SDx/2018.2/runtime/lib/x86_64:/proj/xbuilds/2018.2_0925_1753/installs/lin64/SDx/2018.2/lib/lnx64.o/Default:/proj/xbuilds/2018.2_0925_1753/installs/lin64/SDx/2018.2/lib/lnx64.o:/proj/xbuilds/2018.2_0925_1753/installs/lin64/SDx/2018.2/runtime/lib/x86_64:/proj/xbuilds/2018.2_0925_1753/installs/lin64/SDx/2018.2/lib/lnx64.o/Default:/proj/xbuilds/2018.2_0925_1753/installs/lin64/SDx/2018.2/lib/lnx64.o:/proj/xbuilds/2018.2_0925_1753/installs/lin64/SDx/2018.2/runtime/lib/x86_64:/proj/xbuilds/2018.3_1101_0804/xbb/xrt/packages/xrt-2.1.0-centos/opt/xilinx/xrt/lib:/proj/xbuilds/2018.3_1101_0804/installs/lin64/SDx/2018.3/lib/lnx64.o/Default:/proj/xbuilds/2018.3_1101_0804/installs/lin64/SDx/2018.3/lib/lnx64.o:/proj/xbuilds/2018.3_1101_0804/installs/lin64/SDx/2018.3/runtime/lib/x86_64:/proj/xbuilds/2018.2_0614_1954/installs/lin64/SDx/2018.2/lib/lnx64.o/Default:/proj/xbuilds/2018.2_0614_1954/installs/lin64/SDx/2018.2/lib/lnx64.o:/proj/xbuilds/2018.2_0614_1954/installs/lin64/SDx/2018.2/runtime/lib/x86_64:/usr/local/lib:/usr/lib:/proj/xbuilds/2018.2_0614_1954/installs/lin64/SDx/2018.2/bin/../lnx64/tools/dot/lib
RDI_INSTALLVER=2018.2
RDI_DATADIR=/proj/xbuilds/2018.2_0614_1954/installs/lin64/SDx/2018.2/data
RDI_INSTALLROOT=/proj/xbuilds/2018.2_0614_1954/installs/lin64
_=/proj/xbuilds/2018.2_0614_1954/installs/lin64/SDx/2018.2/bin/unwrapped/lnx64.o/xocc
XILINX_RS_PORT=37212
XILINX_RS_SESSION=c4f54c59-bb09-4faf-abc4-ee709b627b6d


XOCC command line :
------------------------------------------
/proj/xbuilds/2018.2_0614_1954/installs/lin64/SDx/2018.2/bin/unwrapped/lnx64.o/xocc -l -t hw -s --temp_dir builddir.3k.hw --platform xilinx_aws-vu9p-f1-04261818_dynamic_5_0 --nk Filter2DKernel:3 xclbin/Filter2DKernel.hw.xo -o xclbin/fpga.3k.hw.xclbin 
  Options from -O      :  --xp "misc:report=type report_timing_summary name impl_report_timing_summary_route_design_summary steps {route_design} runs {impl_1} options {-max_paths 10}" --xp param:compiler.enableRunInBitstreamGeneration=1 --xp "vivado_prop:run.__KERNEL__.{STEPS.SYNTH_DESIGN.ARGS.MORE OPTIONS}={-directive sdx_optimization_effort_high}"
  Options from xocc.ini: 
  Options from DSA     : --xp param:compiler.lockFlowCritSlackThreshold=0 --xp vivado_param:bd.disablePrefixForFaasIntf=1 --xp vivado_param:hd.routingContainmentAreaExpansion=true --xp vivado_param:hd.supportClockNetCrossDiffReconfigurablePartitions=1 --xp vivado_param:bitstream.enablePR=4123 --xp vivado_param:physynth.ultraRAMOptOutput=false --xp vivado_prop:run.__KERNEL__.{STEPS.SYNTH_DESIGN.ARGS.MAX_URAM_CASCADE_HEIGHT}={1} --xp vivado_param:synth.elaboration.rodinMoreOptions={rt::set_parameter disableOregPackingUram true} 

Target platform : /proj/xbuilds/2018.2_released/internal_platforms/xilinx_aws-vu9p-f1-04261818_dynamic_5_0/xilinx_aws-vu9p-f1-04261818_dynamic_5_0.xpfm


------------------------------------------
step: running sdx_link to generate dr.bd.tcl
timestamp: 04 Nov 2018 00:30:41
cmd: sdx_link --xo xclbin/Filter2DKernel.hw.xo --nk Filter2DKernel:3 -keep --xpfm /proj/xbuilds/2018.2_released/internal_platforms/xilinx_aws-vu9p-f1-04261818_dynamic_5_0/xilinx_aws-vu9p-f1-04261818_dynamic_5_0.xpfm --target hw --output_dir /home/tbollaer/Work/aws-tests/filter2d/v5/builddir.3k.hw/link/int --temp_dir /home/tbollaer/Work/aws-tests/filter2d/v5/builddir.3k.hw/link/sys_link
status: success
------------------------------------------
step: running vpl to generate bitstream
timestamp: 04 Nov 2018 00:30:50
cmd: vpl --xp param:compiler.lockFlowCritSlackThreshold=0 --xp vivado_param:bd.disablePrefixForFaasIntf=1 --xp vivado_param:hd.routingContainmentAreaExpansion=true --xp vivado_param:hd.supportClockNetCrossDiffReconfigurablePartitions=1 --xp vivado_param:bitstream.enablePR=4123 --xp vivado_param:physynth.ultraRAMOptOutput=false --xp vivado_prop:run.__KERNEL__.{STEPS.SYNTH_DESIGN.ARGS.MAX_URAM_CASCADE_HEIGHT}={1} --xp vivado_param:synth.elaboration.rodinMoreOptions={rt::set_parameter disableOregPackingUram true} -t hw -f xilinx_aws-vu9p-f1-04261818_dynamic_5_0 --nk Filter2DKernel:3 --xp param:compiler.enablePerformanceTrace=1 --xp misc:report=type report_timing_summary name impl_report_timing_summary_route_design_summary steps {route_design} runs {impl_1} options {-max_paths 10} --xp vivado_prop:run.__KERNEL__.{STEPS.SYNTH_DESIGN.ARGS.MORE OPTIONS}={-directive sdx_optimization_effort_high} --xp param:compiler.enableRunInBitstreamGeneration=1 -s --output_dir /home/tbollaer/Work/aws-tests/filter2d/v5/builddir.3k.hw/link/int --log_dir /home/tbollaer/Work/aws-tests/filter2d/v5/builddir.3k.hw/logs/link --report_dir /home/tbollaer/Work/aws-tests/filter2d/v5/builddir.3k.hw/reports/link -k /home/tbollaer/Work/aws-tests/filter2d/v5/builddir.3k.hw/link/int/kernel_info.dat --webtalk_flag SDAccel --temp_dir /home/tbollaer/Work/aws-tests/filter2d/v5/builddir.3k.hw/link --no-info --iprepo /home/tbollaer/Work/aws-tests/filter2d/v5/builddir.3k.hw/link/int/xo/ip_repo/xilinx_com_hls_Filter2DKernel_1_0 /home/tbollaer/Work/aws-tests/filter2d/v5/builddir.3k.hw/link/int/dr.bd.tcl
status: success
------------------------------------------
internal step: generating xclbin xml file
timestamp: 04 Nov 2018 01:51:28
output: /home/tbollaer/Work/aws-tests/filter2d/v5/builddir.3k.hw/link/int/fpga.3k.hw.xml
------------------------------------------
step: running cf2sw to update xclbin xml and generate rtd file (runtime data)
timestamp: 04 Nov 2018 01:51:28
cmd: cf2sw -a /home/tbollaer/Work/aws-tests/filter2d/v5/builddir.3k.hw/link/int/address_map.xml -sdsl /home/tbollaer/Work/aws-tests/filter2d/v5/builddir.3k.hw/link/int/sdsl.dat -xclbin /home/tbollaer/Work/aws-tests/filter2d/v5/builddir.3k.hw/link/int/xclbin_orig.xml -rtd /home/tbollaer/Work/aws-tests/filter2d/v5/builddir.3k.hw/link/int/fpga.3k.hw.rtd -o /home/tbollaer/Work/aws-tests/filter2d/v5/builddir.3k.hw/link/int/fpga.3k.hw.xml
status: success
------------------------------------------
internal step: running xclbincat to generate xclbin
timestamp: 04 Nov 2018 01:51:29
launch dir: /home/tbollaer/Work/aws-tests/filter2d/v5/builddir.3k.hw/link/int
cmd: /proj/xbuilds/2018.2_0614_1954/installs/lin64/SDx/2018.2/bin/../runtime/bin/xclbincat -bitstream /home/tbollaer/Work/aws-tests/filter2d/v5/builddir.3k.hw/link/int/routed.dcp -k mode:hw_pr -k featureRomTimestamp:0 -k platformVBNV:xilinx:aws-vu9p-f1:dynamic:5.0 --runtime_data /home/tbollaer/Work/aws-tests/filter2d/v5/builddir.3k.hw/link/int/fpga.3k.hw.rtd --runtime_data /home/tbollaer/Work/aws-tests/filter2d/v5/builddir.3k.hw/link/int/fpga.3k.hw_xml.rtd /home/tbollaer/Work/aws-tests/filter2d/v5/builddir.3k.hw/link/int/fpga.3k.hw.xml /home/tbollaer/Work/aws-tests/filter2d/v5/builddir.3k.hw/link/int/fpga.3k.hw.xcp
status: success
------------------------------------------
hw completed
timestamp: 04 Nov 2018 01:51:31
------------------------------------------
internal step: generating system estimate report file
timestamp: 04 Nov 2018 01:51:55
output: /home/tbollaer/Work/aws-tests/filter2d/v5/builddir.3k.hw/reports/link/system_estimate_fpga.3k.hw.xtxt
