Copyright 1986-2018 Xilinx, Inc. All Rights Reserved.
-----------------------------------------------------------------------------------------------------------------------------------------------------------------------------------------------
| Tool Version : Vivado v.2018.2 (lin64) Build 2258646 Thu Jun 14 20:02:38 MDT 2018
| Date         : Sat Nov  3 23:58:40 2018
| Host         : xsjrdevl152 running 64-bit CentOS Linux release 7.5.1804 (Core)
| Command      : report_sdx_utilization -kernels { Filter2DKernel_Filter2DKernel:WRAPPER_INST/CL/Filter2DKernel_1/inst:Filter2DKernel_1} -file kernel_util_placed.rpt -name kernel_util_placed
| Design       : top_sp
| Device       : xcvu9p
| Design State : Fully Placed
-----------------------------------------------------------------------------------------------------------------------------------------------------------------------------------------------

SDx Utilization Design Information

Table of Contents
-----------------
1. SDx System Utilization

1. SDx System Utilization
-------------------------

+-------------------------------+-------------------+------------------+-------------------+----------------+---------------+----------------+
| Name                          | LUT               | LUTMem           | REG               | BRAM           | URAM          | DSP            |
+-------------------------------+-------------------+------------------+-------------------+----------------+---------------+----------------+
| Platform                      |  160834 [ 13.61%] |  15646 [  2.64%] |  228298 [  9.66%] |  214 [  9.91%] |  43 [  4.48%] |    3 [  0.04%] |
| User Budget                   | 1020934 [100.00%] | 576194 [100.00%] | 2135238 [100.00%] | 1946 [100.00%] | 917 [100.00%] | 6837 [100.00%] |
|    Used Resources             |   14399 [  1.41%] |   5071 [  0.88%] |   14663 [  0.69%] |  147 [  7.55%] |   0 [  0.00%] |  230 [  3.36%] |
|    Unused Resources           | 1006535 [ 98.59%] | 571123 [ 99.12%] | 2120575 [ 99.31%] | 1799 [ 92.45%] | 917 [100.00%] | 6607 [ 96.64%] |
| Filter2DKernel_Filter2DKernel |   14399 [  1.41%] |   5071 [  0.88%] |   14663 [  0.69%] |  147 [  7.55%] |   0 [  0.00%] |  230 [  3.36%] |
|    Filter2DKernel_1           |   14399 [  1.41%] |   5071 [  0.88%] |   14663 [  0.69%] |  147 [  7.55%] |   0 [  0.00%] |  230 [  3.36%] |
+-------------------------------+-------------------+------------------+-------------------+----------------+---------------+----------------+


