# 
# Steps log generated by SDx
# This log file contains a collection of steps that describe the kernel compilation flow
# Note: Some steps are tagged as internal, these steps are for debugging purposes and 
#       are not expected to be able to run independently.
# 

# The following environment variables are set when running xocc
Environment variables :
------------------------------------------
REMOTEHOST=xsjvnc109.xilinx.com
MANPATH=.:/usr/local/man:/usr/man
_RDI_DONT_SET_XILINX_AS_PATH=True
XDG_SESSION_ID=21758
HOSTNAME=xsjrdevl152
XiWINMGR=olwm
XILINX_DSP=
SHELL=/bin/csh
TERM=xterm
HOST=xsjrdevl152
MAKEFLAGS=w -- NKERNEL=1 TARGET=hw
SSH_CLIENT=172.19.223.109 56999 22
MYVIVADO=
XILINX_RS_SESSION=ff45ba74-14c2-4564-b491-ddbeabeb8519
X11HOME=/tools/x11r5/sun3
RDI_TPS_ROOT=/proj/xbuilds/2018.2_0614_1954/installs/lin64/Vivado/2018.2/tps/lnx64
QTDIR=/usr/lib64/qt-3.3
HDI_PROCESSOR=x86_64
QTINC=/usr/lib64/qt-3.3/include
SYNTH_COMMON=/proj/xbuilds/2018.2_0614_1954/installs/lin64/SDx/2018.2/scripts/rt/data
SSH_TTY=/dev/pts/11
RT_TCL_PATH=/proj/xbuilds/2018.2_0614_1954/installs/lin64/SDx/2018.2/scripts/rt/base_tcl/tcl
RDI_PREPEND_PATH=/proj/xbuilds/2018.2_0614_1954/installs/lin64/SDK/2018.2/bin:/proj/xbuilds/2018.2_0614_1954/installs/lin64/SDK/2018.2/bin
QT_GRAPHICSSYSTEM_CHECKED=1
RDI_OPT_EXT=.o
MAKEOVERRIDES=${-*-command-variables-*-}
USER=tbollaer
GROUP=boulder
http_proxy=http://proxy:80
LS_COLORS=rs=0:di=01;34:ln=01;36:mh=00:pi=40;33:so=01;35:do=01;35:bd=40;33;01:cd=40;33;01:or=40;31;01:mi=01;05;37;41:su=37;41:sg=30;43:ca=30;41:tw=30;42:ow=34;42:st=37;44:ex=01;32:*.tar=01;31:*.tgz=01;31:*.arc=01;31:*.arj=01;31:*.taz=01;31:*.lha=01;31:*.lz4=01;31:*.lzh=01;31:*.lzma=01;31:*.tlz=01;31:*.txz=01;31:*.tzo=01;31:*.t7z=01;31:*.zip=01;31:*.z=01;31:*.Z=01;31:*.dz=01;31:*.gz=01;31:*.lrz=01;31:*.lz=01;31:*.lzo=01;31:*.xz=01;31:*.bz2=01;31:*.bz=01;31:*.tbz=01;31:*.tbz2=01;31:*.tz=01;31:*.deb=01;31:*.rpm=01;31:*.jar=01;31:*.war=01;31:*.ear=01;31:*.sar=01;31:*.rar=01;31:*.alz=01;31:*.ace=01;31:*.zoo=01;31:*.cpio=01;31:*.7z=01;31:*.rz=01;31:*.cab=01;31:*.jpg=01;35:*.jpeg=01;35:*.gif=01;35:*.bmp=01;35:*.pbm=01;35:*.pgm=01;35:*.ppm=01;35:*.tga=01;35:*.xbm=01;35:*.xpm=01;35:*.tif=01;35:*.tiff=01;35:*.png=01;35:*.svg=01;35:*.svgz=01;35:*.mng=01;35:*.pcx=01;35:*.mov=01;35:*.mpg=01;35:*.mpeg=01;35:*.m2v=01;35:*.mkv=01;35:*.webm=01;35:*.ogm=01;35:*.mp4=01;35:*.m4v=01;35:*.mp4v=01;35:*.vob=01;35:*.qt=01;35:*.nuv=01;35:*.wmv=01;35:*.asf=01;35:*.rm=01;35:*.rmvb=01;35:*.flc=01;35:*.avi=01;35:*.fli=01;35:*.flv=01;35:*.gl=01;35:*.dl=01;35:*.xcf=01;35:*.xwd=01;35:*.yuv=01;35:*.cgm=01;35:*.emf=01;35:*.axv=01;35:*.anx=01;35:*.ogv=01;35:*.ogx=01;35:*.aac=01;36:*.au=01;36:*.flac=01;36:*.mid=01;36:*.midi=01;36:*.mka=01;36:*.mp3=01;36:*.mpc=01;36:*.ogg=01;36:*.ra=01;36:*.wav=01;36:*.axa=01;36:*.oga=01;36:*.spx=01;36:*.xspf=01;36:
LD_LIBRARY_PATH=/proj/xbuilds/2018.2_0614_1954/installs/lin64/SDx/2018.2/lib/lnx64.o/Default:/proj/xbuilds/2018.2_0614_1954/installs/lin64/SDx/2018.2/lib/lnx64.o:/proj/xbuilds/2018.2_0614_1954/installs/lin64/SDx/2018.2/tps/lnx64/jre/lib/amd64:/proj/xbuilds/2018.2_0614_1954/installs/lin64/SDx/2018.2/tps/lnx64/jre/lib/amd64/server:/proj/xbuilds/2018.2_0614_1954/installs/lin64/SDx/2018.2/lib/lnx64.o/Default:/proj/xbuilds/2018.2_0614_1954/installs/lin64/SDx/2018.2/lib/lnx64.o:/proj/xbuilds/2018.2_0614_1954/installs/lin64/SDx/2018.2/lib/lnx64.o/Default:/proj/xbuilds/2018.2_0614_1954/installs/lin64/SDx/2018.2/lib/lnx64.o:/proj/xbuilds/2018.2_0614_1954/installs/lin64/SDx/2018.2/lib/lnx64.o/Default:/proj/xbuilds/2018.2_0614_1954/installs/lin64/SDx/2018.2/lib/lnx64.o:/proj/xbuilds/2018.2_0614_1954/installs/lin64/SDx/2018.2/runtime/lib/x86_64:/proj/xbuilds/2018.2_0925_1753/installs/lin64/SDx/2018.2/lib/lnx64.o/Default:/proj/xbuilds/2018.2_0925_1753/installs/lin64/SDx/2018.2/lib/lnx64.o:/proj/xbuilds/2018.2_0925_1753/installs/lin64/SDx/2018.2/runtime/lib/x86_64:/proj/xbuilds/2018.2_0925_1753/installs/lin64/SDx/2018.2/lib/lnx64.o/Default:/proj/xbuilds/2018.2_0925_1753/installs/lin64/SDx/2018.2/lib/lnx64.o:/proj/xbuilds/2018.2_0925_1753/installs/lin64/SDx/2018.2/runtime/lib/x86_64:/proj/xbuilds/2018.3_1101_0804/xbb/xrt/packages/xrt-2.1.0-centos/opt/xilinx/xrt/lib:/proj/xbuilds/2018.3_1101_0804/installs/lin64/SDx/2018.3/lib/lnx64.o/Default:/proj/xbuilds/2018.3_1101_0804/installs/lin64/SDx/2018.3/lib/lnx64.o:/proj/xbuilds/2018.3_1101_0804/installs/lin64/SDx/2018.3/runtime/lib/x86_64:/proj/xbuilds/2018.2_0614_1954/installs/lin64/SDx/2018.2/lib/lnx64.o/Default:/proj/xbuilds/2018.2_0614_1954/installs/lin64/SDx/2018.2/lib/lnx64.o:/proj/xbuilds/2018.2_0614_1954/installs/lin64/SDx/2018.2/runtime/lib/x86_64:/usr/local/lib:/usr/lib:/proj/xbuilds/2018.2_0614_1954/installs/lin64/SDx/2018.2/bin/../lnx64/tools/dot/lib:/proj/xbuilds/2018.2_0614_1954/installs/lin64/SDx/2018.2/bin/../lnx64/tools/dot/lib
XCL_EMULATION_MODE=hw_emu
OPENWINHOME=/usr/openwin
RDI_PATCHROOT=
TCL_LIBRARY=/proj/xbuilds/2018.2_0614_1954/installs/lin64/SDx/2018.2/tps/tcl/tcl8.5
HOSTTYPE=x86_64-linux
RDI_PLATFORM=lnx64
ftp_proxy=ftp://proxy:80
XILINXD_LICENSE_FILE=1717@xmask6
AWS_PLATFORM=/home/tbollaer/AWS/v141/aws-fpga/SDAccel/aws_platform/xilinx_aws-vu9p-f1-04261818_dynamic_5_0/xilinx_aws-vu9p-f1-04261818_dynamic_5_0.xpfm
MAKELEVEL=2
RDI_BUILD=yes
MFLAGS=-w
RT_LIBPATH=/proj/xbuilds/2018.2_0614_1954/installs/lin64/SDx/2018.2/scripts/rt/data
RDI_LIBDIR=/proj/xbuilds/2018.2_0614_1954/installs/lin64/SDx/2018.2/lib/lnx64.o/Default:/proj/xbuilds/2018.2_0614_1954/installs/lin64/SDx/2018.2/lib/lnx64.o
PATH=/proj/xbuilds/2018.2_0614_1954/installs/lin64/SDx/2018.2/bin/../gnu/binutils/bin:/proj/xbuilds/2018.2_0614_1954/installs/lin64/SDK/2018.2/gnu/aarch64/lin/aarch64-linux/bin:/proj/xbuilds/2018.2_0614_1954/installs/lin64/SDx/2018.2/bin/../gnu/ppc64le/4.9.3/lnx64/bin:/proj/xbuilds/2018.2_0614_1954/installs/lin64/SDK/2018.2/gnu/aarch32/lin/gcc-arm-linux-gnueabi/bin:/proj/xbuilds/2018.2_released/installs/lin64/Vivado/2018.2/lnx64/tools/gcc/bin:/proj/xbuilds/2018.2_0614_1954/installs/lin64/SDx/2018.2/bin:/proj/xbuilds/2018.2_0614_1954/installs/lin64/SDx/2018.2/tps/lnx64/jre/bin:/proj/xbuilds/2018.2_0614_1954/installs/lin64/SDK/2018.2/bin:/proj/xbuilds/2018.2_released/installs/lin64/Vivado/2018.2/bin:/proj/xbuilds/2018.2_0614_1954/installs/lin64/Vivado/2018.2/bin:/proj/xbuilds/2018.2_0614_1954/installs/lin64/SDx/2018.2/bin/../gnu/binutils/bin:/proj/xbuilds/2018.2_0614_1954/installs/lin64/SDK/2018.2/gnu/aarch64/lin/aarch64-linux/bin:/proj/xbuilds/2018.2_0614_1954/installs/lin64/SDx/2018.2/bin/../gnu/ppc64le/4.9.3/lnx64/bin:/proj/xbuilds/2018.2_0614_1954/installs/lin64/SDK/2018.2/gnu/aarch32/lin/gcc-arm-linux-gnueabi/bin:/proj/xbuilds/2018.2_released/installs/lin64/Vivado/2018.2/lnx64/tools/gcc/bin:/proj/xbuilds/2018.2_released/installs/lin64/SDK/2018.2/bin:/proj/xbuilds/2018.2_0614_1954/installs/lin64/Model_Composer/2018.2/bin:/proj/xbuilds/2018.2_0614_1954/installs/lin64/SDK/2018.2/gnu/microblaze/lin/bin:/proj/xbuilds/2018.2_0614_1954/installs/lin64/SDK/2018.2/gnu/arm/lin/bin:/proj/xbuilds/2018.2_0614_1954/installs/lin64/SDK/2018.2/gnu/microblaze/linux_toolchain/lin64_le/bin:/proj/xbuilds/2018.2_0614_1954/installs/lin64/SDK/2018.2/gnu/aarch32/lin/gcc-arm-none-eabi/bin:/proj/xbuilds/2018.2_0614_1954/installs/lin64/SDK/2018.2/gnu/aarch64/lin/aarch64-none/bin:/proj/xbuilds/2018.2_0614_1954/installs/lin64/SDK/2018.2/gnu/armr5/lin/gcc-arm-none-eabi/bin:/proj/xbuilds/2018.2_0614_1954/installs/lin64/SDK/2018.2/tps/lnx64/cmake-3.3.2/bin:/proj/xbuilds/2018.2_0614_1954/installs/lin64/DocNav:/home/tbollaer/AWS:/proj/xbuilds/2018.2_released/installs/lin64/SDx/2018.2/bin:/home/tbollaer/bin:/usr/local/bin:/mis/TREE/bin:/usr/bin:/bin:/usr/ucb:/opt/puppetlabs/bin
MAIL=/home/tbollaer/mail/inbox
NKERNEL=1
PWD=/home/tbollaer/Work/aws-tests/filter2d/v5
XILINX_XRT=
XIL_CHECK_TCL_DEBUG=False
SDACCEL_DIR=/home/tbollaer/AWS/v141/aws-fpga/SDAccel
XILINX_VIVADO_HLS=/proj/xbuilds/2018.2_released/installs/lin64/Vivado/2018.2
LANG=en_US.UTF-8
HDI_APPROOT=/proj/xbuilds/2018.2_0614_1954/installs/lin64/SDx/2018.2
KDEDIRS=/usr
XiSUE=true
XILINX_VIVADO=/proj/xbuilds/2018.2_0614_1954/installs/lin64/Vivado/2018.2
https_proxy=https://proxy:80
XiSET=true
XILINX_SDK=/proj/xbuilds/2018.2_0614_1954/installs/lin64/SDK/2018.2
XiSUEHOME=/tools/sue
XILINX_OPENCL=/proj/xbuilds/2018.2_0614_1954/installs/lin64/SDx/2018.2
ISL_IOSTREAMS_RSA=/proj/xbuilds/2018.2_0614_1954/installs/lin64/SDx/2018.2/tps/isl
HOME=/home/tbollaer
SHLVL=5
RDI_BASEROOT=/proj/xbuilds/2018.2_0614_1954/installs/lin64/SDx
OSTYPE=linux
RDI_APPROOT=/proj/xbuilds/2018.2_0614_1954/installs/lin64/SDx/2018.2
VENDOR=unknown
TARGET=hw
MACHTYPE=x86_64
LOGNAME=tbollaer
RDI_JAVA_PLATFORM=amd64
QTLIB=/usr/lib64/qt-3.3/lib
SSH_CONNECTION=172.19.223.109 56999 172.19.220.200 22
PLATFORM_REPO_PATHS=/proj/xbuilds/2018.2_released/internal_platforms
RDI_BINROOT=/proj/xbuilds/2018.2_0614_1954/installs/lin64/SDx/2018.2/bin
LESSOPEN=||/usr/bin/lesspipe.sh %s
XILINX_SDX=/proj/xbuilds/2018.2_0614_1954/installs/lin64/SDx/2018.2
XiGROUPS=boulder
RDI_PROG=/proj/xbuilds/2018.2_0614_1954/installs/lin64/SDx/2018.2/bin/unwrapped/lnx64.o/vpl
XDG_RUNTIME_DIR=/run/user/18233
DISPLAY=localhost:15.0
XIL_NO_OVERRIDE=0
XIL_SUPPRESS_OVERRIDE_WARNINGS=1
XILINX_PLANAHEAD=/proj/xbuilds/2018.2_0614_1954/installs/lin64/SDx/2018.2
QT_PLUGIN_PATH=/usr/lib64/kde4/plugins:/usr/lib/kde4/plugins
AWS_FPGA_REPO_DIR=/home/tbollaer/AWS/v141/aws-fpga
XiOSREL=Linux3.10.0-862.el7.x86_64
HDIPRELDPATH=/proj/xbuilds/2018.2_0614_1954/installs/lin64/SDx/2018.2/lib/lnx64.o/Default:/proj/xbuilds/2018.2_0614_1954/installs/lin64/SDx/2018.2/lib/lnx64.o:/proj/xbuilds/2018.2_0614_1954/installs/lin64/SDx/2018.2/lib/lnx64.o/Default:/proj/xbuilds/2018.2_0614_1954/installs/lin64/SDx/2018.2/lib/lnx64.o:/proj/xbuilds/2018.2_0614_1954/installs/lin64/SDx/2018.2/lib/lnx64.o/Default:/proj/xbuilds/2018.2_0614_1954/installs/lin64/SDx/2018.2/lib/lnx64.o:/proj/xbuilds/2018.2_0614_1954/installs/lin64/SDx/2018.2/runtime/lib/x86_64:/proj/xbuilds/2018.2_0925_1753/installs/lin64/SDx/2018.2/lib/lnx64.o/Default:/proj/xbuilds/2018.2_0925_1753/installs/lin64/SDx/2018.2/lib/lnx64.o:/proj/xbuilds/2018.2_0925_1753/installs/lin64/SDx/2018.2/runtime/lib/x86_64:/proj/xbuilds/2018.2_0925_1753/installs/lin64/SDx/2018.2/lib/lnx64.o/Default:/proj/xbuilds/2018.2_0925_1753/installs/lin64/SDx/2018.2/lib/lnx64.o:/proj/xbuilds/2018.2_0925_1753/installs/lin64/SDx/2018.2/runtime/lib/x86_64:/proj/xbuilds/2018.3_1101_0804/xbb/xrt/packages/xrt-2.1.0-centos/opt/xilinx/xrt/lib:/proj/xbuilds/2018.3_1101_0804/installs/lin64/SDx/2018.3/lib/lnx64.o/Default:/proj/xbuilds/2018.3_1101_0804/installs/lin64/SDx/2018.3/lib/lnx64.o:/proj/xbuilds/2018.3_1101_0804/installs/lin64/SDx/2018.3/runtime/lib/x86_64:/proj/xbuilds/2018.2_0614_1954/installs/lin64/SDx/2018.2/lib/lnx64.o/Default:/proj/xbuilds/2018.2_0614_1954/installs/lin64/SDx/2018.2/lib/lnx64.o:/proj/xbuilds/2018.2_0614_1954/installs/lin64/SDx/2018.2/runtime/lib/x86_64:/usr/local/lib:/usr/lib:/proj/xbuilds/2018.2_0614_1954/installs/lin64/SDx/2018.2/bin/../lnx64/tools/dot/lib:/proj/xbuilds/2018.2_0614_1954/installs/lin64/SDx/2018.2/bin/../lnx64/tools/dot/lib
RDI_INSTALLVER=2018.2
XILINX_RS_PORT=38992
RDI_DATADIR=/proj/xbuilds/2018.2_0614_1954/installs/lin64/SDx/2018.2/data
RDI_INSTALLROOT=/proj/xbuilds/2018.2_0614_1954/installs/lin64
_=/proj/xbuilds/2018.2_0614_1954/installs/lin64/SDx/2018.2/bin/unwrapped/lnx64.o/vpl


------------------------------------------
internal step: generating ipirun.tcl for vivado
timestamp: 03 Nov 2018 22:52:26
------------------------------------------
step: running vivado to generate bitstream
timestamp: 03 Nov 2018 22:52:26
launch dir: /home/tbollaer/Work/aws-tests/filter2d/v5/builddir.1k.hw/link/vivado
cmd: /proj/xbuilds/2018.2_0614_1954/installs/lin64/Vivado/2018.2/bin/vivado -mode batch -notrace -source /home/tbollaer/Work/aws-tests/filter2d/v5/builddir.1k.hw/link/vivado/ipirun.tcl -messageDb /home/tbollaer/Work/aws-tests/filter2d/v5/builddir.1k.hw/link/vivado/vivado.pb
   -----------------------
   internal step: creating sdx tcl hooks for implementation run
   timestamp: 03 November 2018 22:52:37
   -----------------------
   internal step: create_project -part xcvu9p-flgb2104-2-i -force prj prj
   timestamp: 03 November 2018 22:52:37
   -----------------------
   internal step: set_property design_mode GateLvl [current_fileset]
   timestamp: 03 November 2018 22:52:40
   -----------------------
   internal step: set_property PR_FLOW 1 [current_project]
   timestamp: 03 November 2018 22:52:41
   -----------------------
   internal step: add_files .local/dsa/xilinx_aws-vu9p-f1-04261818_dynamic_5_0_bb_locked.dcp
   timestamp: 03 November 2018 22:52:41
   -----------------------
   internal step: create_partition_def -name my_pd -module pfm_dynamic
   timestamp: 03 November 2018 22:52:41
   -----------------------
   internal step: create_reconfig_module -name my_rm -partition_def [get_partition_defs my_pd ] -top pfm_dynamic
   timestamp: 03 November 2018 22:52:41
   -----------------------
   internal step: set_property use_blackbox_stub false [get_filesets my_rm -of_objects [get_reconfig_modules my_rm]]
   timestamp: 03 November 2018 22:52:41
   -----------------------
   internal step: set_property USE_BLACKBOX_STUB 0 [get_partition_defs my_pd]
   timestamp: 03 November 2018 22:52:41
   -----------------------
   internal step: source .local/dsa/tcl_hooks/dynamic_prelink.tcl
   timestamp: 03 November 2018 22:52:41
   -----------------------
   internal step: import_files -norecurse .local/dsa/bd/pfm_dynamic.bd -of_objects my_rm
   timestamp: 03 November 2018 22:52:52
   -----------------------
   internal step: open_bd_design -auto_upgrade [get_files pfm_dynamic.bd]
   timestamp: 03 November 2018 22:53:30
   -----------------------
   internal step: source .local/dr.bd.tcl
   timestamp: 03 November 2018 22:54:17
   -----------------------
   internal step: add_files .local/dsa/tcl_hooks/slr_floorplan.xdc -fileset [current_fileset -constrset]
   timestamp: 03 November 2018 22:54:20
   -----------------------
   internal step: add_files .local/dsa/tcl_hooks/cl_synth_aws.xdc -fileset [current_fileset -constrset]
   timestamp: 03 November 2018 22:54:20
   -----------------------
   internal step: add_files .local/dsa/tcl_hooks/cl_clocks_aws.xdc -fileset [current_fileset -constrset]
   timestamp: 03 November 2018 22:54:20
   -----------------------
   internal step: add_files .local/dsa/tcl_hooks/cl_ddr.xdc -fileset [current_fileset -constrset]
   timestamp: 03 November 2018 22:54:20
   -----------------------
   internal step: inserting profiling and debug cores
   timestamp: 03 November 2018 22:54:20
   -----------------------
   internal step: assign_bd_address
   timestamp: 03 November 2018 22:54:20
   -----------------------
   internal step: writing address_map.xml
   timestamp: 03 November 2018 22:54:50
   -----------------------
   internal step: generate_target all [get_files pfm_dynamic.bd]
   timestamp: 03 November 2018 22:54:50
   -----------------------
   internal step: source scripts/_vivado_report_commands.tcl
   timestamp: 03 November 2018 22:56:24
   -----------------------
   internal step: create_report_config -report_name impl_report_timing_summary_route_design_summary -report_type report_timing_summary -steps {route_design} -runs {impl_1} -options {-max_paths 10}
   timestamp: 03 November 2018 22:56:24
   -----------------------
   internal step: source scripts/_vivado_synth_props.tcl
   timestamp: 03 November 2018 22:56:24
   -----------------------
   internal step: add_files .local/dsa/tcl_hooks/slr_floorplan_parent_assignment.xdc -fileset [current_fileset -constrset]
   timestamp: 03 November 2018 22:56:42
   -----------------------
   internal step: read_xdc output/dont_partition.xdc
   timestamp: 03 November 2018 22:56:42
   -----------------------
   internal step: create_pr_configuration -name config_1 -partitions [list WRAPPER_INST/CL:my_rm]
   timestamp: 03 November 2018 22:56:42
   -----------------------
   internal step: set_property PR_CONFIGURATION config_1 [get_runs impl_1]
   timestamp: 03 November 2018 22:56:43
   -----------------------
   internal step: source scripts/_vivado_impl_props.tcl
   timestamp: 03 November 2018 22:56:43
   -----------------------
   internal step: launch_runs my_rm_synth_1 -jobs 8  
   timestamp: 03 November 2018 22:56:43
   -----------------------
   internal step: generating resource usage report 'output/resource.json'
   timestamp: 03 November 2018 23:12:12
   -----------------------
   internal step: log_generated_reports for synthesis 'output/generated_reports.log'
   timestamp: 03 November 2018 23:12:12
   -----------------------
   internal step: launched run my_rm_synth_1
   timestamp: 03 November 2018 23:12:12
   -----------------------
   internal step: launched run pfm_dynamic_HIP_0_synth_1
   timestamp: 03 November 2018 23:12:12
   -----------------------
   internal step: launched run bd_764f_xsdbm_0_synth_1
   timestamp: 03 November 2018 23:12:12
   -----------------------
   internal step: launched run bd_2890_aws_0_synth_1
   timestamp: 03 November 2018 23:12:12
   -----------------------
   internal step: launched run bd_2890_calib_reduce_0_synth_1
   timestamp: 03 November 2018 23:12:12
   -----------------------
   internal step: launched run bd_2890_calib_concat_0_synth_1
   timestamp: 03 November 2018 23:12:12
   -----------------------
   internal step: launched run pfm_dynamic_xbar_0_synth_1
   timestamp: 03 November 2018 23:12:12
   -----------------------
   internal step: launched run pfm_dynamic_Filter2DKernel_1_0_synth_1
   timestamp: 03 November 2018 23:12:12
   -----------------------
   internal step: launched run bd_2890_interconnect_ddr4_mem00_0_synth_1
   timestamp: 03 November 2018 23:12:12
   -----------------------
   internal step: launch_runs impl_1  
   timestamp: 03 November 2018 23:12:12
   -----------------------
   internal step: log_generated_reports for implementation 'output/generated_reports.log'
   timestamp: 04 November 2018 00:29:58
status: success
