Copyright 1986-2018 Xilinx, Inc. All Rights Reserved.
----------------------------------------------------------------------------------------------------------------------------------------------------------------------------------------------------------------------------------------------------------------------------------------------------------------------------------------------------------------------------------------------------------------------------------------------------------------------------------------------------------------------------------------------------------------------------------------------------------------------------------------
| Tool Version : Vivado v.2018.2 (lin64) Build 2258646 Thu Jun 14 20:02:38 MDT 2018
| Date         : Sun Nov  4 04:34:25 2018
| Host         : xsjrdevl152 running 64-bit CentOS Linux release 7.5.1804 (Core)
| Command      : report_sdx_utilization -kernels { Filter2DKernel_Filter2DKernel:WRAPPER_INST/CL/Filter2DKernel_1/inst:Filter2DKernel_1 Filter2DKernel_Filter2DKernel:WRAPPER_INST/CL/Filter2DKernel_2/inst:Filter2DKernel_2 Filter2DKernel_Filter2DKernel:WRAPPER_INST/CL/Filter2DKernel_3/inst:Filter2DKernel_3 Filter2DKernel_Filter2DKernel:WRAPPER_INST/CL/Filter2DKernel_4/inst:Filter2DKernel_4 Filter2DKernel_Filter2DKernel:WRAPPER_INST/CL/Filter2DKernel_5/inst:Filter2DKernel_5 Filter2DKernel_Filter2DKernel:WRAPPER_INST/CL/Filter2DKernel_6/inst:Filter2DKernel_6} -file kernel_util_placed.rpt -name kernel_util_placed
| Design       : top_sp
| Device       : xcvu9p
| Design State : Fully Placed
----------------------------------------------------------------------------------------------------------------------------------------------------------------------------------------------------------------------------------------------------------------------------------------------------------------------------------------------------------------------------------------------------------------------------------------------------------------------------------------------------------------------------------------------------------------------------------------------------------------------------------------

SDx Utilization Design Information

Table of Contents
-----------------
1. SDx System Utilization

1. SDx System Utilization
-------------------------

+-------------------------------+------------------+------------------+-------------------+----------------+---------------+----------------+
| Name                          | LUT              | LUTMem           | REG               | BRAM           | URAM          | DSP            |
+-------------------------------+------------------+------------------+-------------------+----------------+---------------+----------------+
| Platform                      | 222339 [ 18.81%] |  32376 [  5.47%] |  334694 [ 14.16%] |  258 [ 11.94%] |  43 [  4.48%] |    6 [  0.09%] |
| User Budget                   | 959429 [100.00%] | 559464 [100.00%] | 2028842 [100.00%] | 1902 [100.00%] | 917 [100.00%] | 6834 [100.00%] |
|    Used Resources             |  86396 [  9.00%] |  30426 [  5.44%] |   88046 [  4.34%] |  882 [ 46.37%] |   0 [  0.00%] | 1380 [ 20.19%] |
|    Unused Resources           | 873033 [ 91.00%] | 529038 [ 94.56%] | 1940796 [ 95.66%] | 1020 [ 53.63%] | 917 [100.00%] | 5454 [ 79.81%] |
| Filter2DKernel_Filter2DKernel |  86396 [  9.00%] |  30426 [  5.44%] |   88046 [  4.34%] |  882 [ 46.37%] |   0 [  0.00%] | 1380 [ 20.19%] |
|    Filter2DKernel_1           |  14399 [  1.50%] |   5071 [  0.91%] |   14672 [  0.72%] |  147 [  7.73%] |   0 [  0.00%] |  230 [  3.37%] |
|    Filter2DKernel_2           |  14400 [  1.50%] |   5071 [  0.91%] |   14673 [  0.72%] |  147 [  7.73%] |   0 [  0.00%] |  230 [  3.37%] |
|    Filter2DKernel_3           |  14402 [  1.50%] |   5071 [  0.91%] |   14672 [  0.72%] |  147 [  7.73%] |   0 [  0.00%] |  230 [  3.37%] |
|    Filter2DKernel_4           |  14397 [  1.50%] |   5071 [  0.91%] |   14673 [  0.72%] |  147 [  7.73%] |   0 [  0.00%] |  230 [  3.37%] |
|    Filter2DKernel_5           |  14406 [  1.50%] |   5071 [  0.91%] |   14680 [  0.72%] |  147 [  7.73%] |   0 [  0.00%] |  230 [  3.37%] |
|    Filter2DKernel_6           |  14392 [  1.50%] |   5071 [  0.91%] |   14676 [  0.72%] |  147 [  7.73%] |   0 [  0.00%] |  230 [  3.37%] |
+-------------------------------+------------------+------------------+-------------------+----------------+---------------+----------------+


